Sun Jul 24 17:50:12 2022 UTC - Module file name: C:\Steam\gameoverlayrenderer64.dll
Sun Jul 24 17:50:12 2022 UTC - GameID = 236390, OverlayGameID = 236390
Sun Jul 24 17:50:12 2022 UTC - System page size: 4096
Sun Jul 24 17:50:12 2022 UTC - Hooking SetCursorPos, GetCursorPos, ShowCursor, SetCursor, and GetCursor
Sun Jul 24 17:50:12 2022 UTC - Game is using dxgi (dx10/dx11), preparing to hook.
Sun Jul 24 17:50:12 2022 UTC - Game is using dinput8, preparing to hook.
Sun Jul 24 17:50:12 2022 UTC - XInput Hooked XInputGetCapabilities Version 10
Sun Jul 24 17:50:12 2022 UTC - XInput Hooked XInputGetDSoundAudioDeviceGuids Version 10
Sun Jul 24 17:50:12 2022 UTC - XInput Hooked XInputGetState Version 10
Sun Jul 24 17:50:12 2022 UTC - XInput Hooked XInputSetState Version 10
Sun Jul 24 17:50:12 2022 UTC - Modules at GameOverlayRenderer.dll attach
Sun Jul 24 17:50:12 2022 UTC - 01: aces.exe - (00007FF798790000 to 00007FF79D355000)
Sun Jul 24 17:50:12 2022 UTC - 02: ntdll.dll - (00007FFAE1F10000 to 00007FFAE2108000)
Sun Jul 24 17:50:12 2022 UTC - 03: KERNEL32.DLL - (00007FFAE1D30000 to 00007FFAE1DED000)
Sun Jul 24 17:50:12 2022 UTC - 04: KERNELBASE.dll - (00007FFADF6B0000 to 00007FFADF97E000)
Sun Jul 24 17:50:12 2022 UTC - 05: USER32.dll - (00007FFAE11A0000 to 00007FFAE1340000)
Sun Jul 24 17:50:12 2022 UTC - 06: win32u.dll - (00007FFADF680000 to 00007FFADF6A2000)
Sun Jul 24 17:50:12 2022 UTC - 07: GDI32.dll - (00007FFAE0360000 to 00007FFAE038A000)
Sun Jul 24 17:50:12 2022 UTC - 08: gdi32full.dll - (00007FFADFBF0000 to 00007FFADFCFB000)
Sun Jul 24 17:50:12 2022 UTC - 09: msvcp_win.dll - (00007FFADFD70000 to 00007FFADFE0D000)
Sun Jul 24 17:50:12 2022 UTC - 10: ucrtbase.dll - (00007FFADFAF0000 to 00007FFADFBF0000)
Sun Jul 24 17:50:12 2022 UTC - 11: ADVAPI32.dll - (00007FFAE1340000 to 00007FFAE13EE000)
Sun Jul 24 17:50:12 2022 UTC - 12: msvcrt.dll - (00007FFAE1C70000 to 00007FFAE1D0E000)
Sun Jul 24 17:50:12 2022 UTC - 13: sechost.dll - (00007FFAE0AA0000 to 00007FFAE0B3C000)
Sun Jul 24 17:50:12 2022 UTC - 14: RPCRT4.dll - (00007FFAE0390000 to 00007FFAE04B5000)
Sun Jul 24 17:50:12 2022 UTC - 15: NvCameraSDK64.dll - (00007FFAD0890000 to 00007FFAD08B0000)
Sun Jul 24 17:50:12 2022 UTC - 16: COMDLG32.dll - (00007FFAE0550000 to 00007FFAE062A000)
Sun Jul 24 17:50:12 2022 UTC - 17: combase.dll - (00007FFAE0CA0000 to 00007FFAE0FF4000)
Sun Jul 24 17:50:12 2022 UTC - 18: shcore.dll - (00007FFAE13F0000 to 00007FFAE149D000)
Sun Jul 24 17:50:12 2022 UTC - 19: SHLWAPI.dll - (00007FFADFF70000 to 00007FFADFFC5000)
Sun Jul 24 17:50:12 2022 UTC - 20: COMCTL32.dll - (00007FFABCD70000 to 00007FFABD00A000)
Sun Jul 24 17:50:12 2022 UTC - 21: SHELL32.dll - (00007FFAE1520000 to 00007FFAE1C64000)
Sun Jul 24 17:50:12 2022 UTC - 22: WS2_32.dll - (00007FFAE1120000 to 00007FFAE118B000)
Sun Jul 24 17:50:12 2022 UTC - 23: CRYPT32.dll - (00007FFADFE10000 to 00007FFADFF66000)
Sun Jul 24 17:50:12 2022 UTC - 24: VERSION.dll - (00007FFAD9260000 to 00007FFAD926A000)
Sun Jul 24 17:50:12 2022 UTC - 25: WINMM.dll - (00007FFAD5200000 to 00007FFAD5227000)
Sun Jul 24 17:50:12 2022 UTC - 26: openxr_loader.dll - (00007FFAC42C0000 to 00007FFAC44EE000)
Sun Jul 24 17:50:12 2022 UTC - 27: ole32.dll - (00007FFAE0B70000 to 00007FFAE0C9A000)
Sun Jul 24 17:50:12 2022 UTC - 28: dbghelp.dll - (00007FFAD9650000 to 00007FFAD9834000)
Sun Jul 24 17:50:12 2022 UTC - 29: IPHLPAPI.DLL - (00007FFADEA10000 to 00007FFADEA4B000)
Sun Jul 24 17:50:12 2022 UTC - 30: OLEAUT32.dll - (00007FFAE0230000 to 00007FFAE02FD000)
Sun Jul 24 17:50:12 2022 UTC - 31: IMM32.dll - (00007FFAE0B40000 to 00007FFAE0B70000)
Sun Jul 24 17:50:12 2022 UTC - 32: AVIFIL32.dll - (00007FFAD0820000 to 00007FFAD0841000)
Sun Jul 24 17:50:12 2022 UTC - 33: gdiplus.dll - (00007FFAA24C0000 to 00007FFAA2665000)
Sun Jul 24 17:50:12 2022 UTC - 34: DINPUT8.dll - (00007FFAD07D0000 to 00007FFAD0815000)
Sun Jul 24 17:50:12 2022 UTC - 35: bcrypt.dll - (00007FFADFAC0000 to 00007FFADFAE7000)
Sun Jul 24 17:50:12 2022 UTC - 36: XINPUT9_1_0.dll - (00007FFAD07C0000 to 00007FFAD07C7000)
Sun Jul 24 17:50:12 2022 UTC - 37: MSACM32.dll - (00007FFAC8AE0000 to 00007FFAC8AFE000)
Sun Jul 24 17:50:12 2022 UTC - 38: MSVFW32.dll - (00007FFAC5DD0000 to 00007FFAC5DFB000)
Sun Jul 24 17:50:12 2022 UTC - 39: WTSAPI32.dll - (00007FFADB170000 to 00007FFADB184000)
Sun Jul 24 17:50:12 2022 UTC - 40: winmmbase.dll - (00007FFAB19D0000 to 00007FFAB19F6000)
Sun Jul 24 17:50:12 2022 UTC - 41: dbgcore.DLL - (00007FFACE770000 to 00007FFACE79C000)
Sun Jul 24 17:50:12 2022 UTC - 42: inputhost.dll - (00007FFAD5550000 to 00007FFAD56A2000)
Sun Jul 24 17:50:12 2022 UTC - 43: PROPSYS.dll - (00007FFADAD90000 to 00007FFADAE86000)
Sun Jul 24 17:50:12 2022 UTC - 44: CoreMessaging.dll - (00007FFADCC80000 to 00007FFADCD72000)
Sun Jul 24 17:50:12 2022 UTC - 45: wintypes.dll - (00007FFADC200000 to 00007FFADC354000)
Sun Jul 24 17:50:12 2022 UTC - 46: CoreUIComponents.dll - (00007FFADC820000 to 00007FFADCB7E000)
Sun Jul 24 17:50:12 2022 UTC - 47: bcryptPrimitives.dll - (00007FFADFA30000 to 00007FFADFAB2000)
Sun Jul 24 17:50:12 2022 UTC - 48: kernel.appcore.dll - (00007FFADD550000 to 00007FFADD562000)
Sun Jul 24 17:50:12 2022 UTC - 49: ntmarta.dll - (00007FFADE330000 to 00007FFADE363000)
Sun Jul 24 17:50:12 2022 UTC - 50: windows.storage.dll - (00007FFADD750000 to 00007FFADDEE4000)
Sun Jul 24 17:50:12 2022 UTC - 51: Wldp.dll - (00007FFADEFC0000 to 00007FFADEFF0000)
Sun Jul 24 17:50:12 2022 UTC - 52: profapi.dll - (00007FFADF570000 to 00007FFADF58F000)
Sun Jul 24 17:50:12 2022 UTC - 53: WindowsCodecs.dll - (00007FFAD83A0000 to 00007FFAD8554000)
Sun Jul 24 17:50:12 2022 UTC - 54: RTSSHooks64.dll - (0000000180000000 to 0000000182DD7000)
Sun Jul 24 17:50:12 2022 UTC - 55: SETUPAPI.dll - (00007FFAE0630000 to 00007FFAE0A9F000)
Sun Jul 24 17:50:12 2022 UTC - 56: cfgmgr32.dll - (00007FFADF630000 to 00007FFADF67E000)
Sun Jul 24 17:50:12 2022 UTC - 57: MSCTF.dll - (00007FFAE1000000 to 00007FFAE1115000)
Sun Jul 24 17:50:12 2022 UTC - 58: textinputframework.dll - (00007FFAD5450000 to 00007FFAD5549000)
Sun Jul 24 17:50:12 2022 UTC - 59: SspiCli.dll - (00007FFADF4F0000 to 00007FFADF522000)
Sun Jul 24 17:50:12 2022 UTC - 60: easyanticheat_x64.dll - (00007FFAC4DB0000 to 00007FFAC4E7A000)
Sun Jul 24 17:50:12 2022 UTC - 61: mswsock.dll - (00007FFADED20000 to 00007FFADED8A000)
Sun Jul 24 17:50:12 2022 UTC - 62: dxgi.dll - (00007FFADDF30000 to 00007FFADE023000)
Sun Jul 24 17:50:12 2022 UTC - 63: apphelp.dll - (00007FFADCED0000 to 00007FFADCF60000)
Sun Jul 24 17:50:12 2022 UTC - 64: dxcore.dll - (00007FFAD5930000 to 00007FFAD596B000)
Sun Jul 24 17:50:12 2022 UTC - 65: DNSAPI.dll - (00007FFADEA50000 to 00007FFADEB1B000)
Sun Jul 24 17:50:12 2022 UTC - 66: NSI.dll - (00007FFAE1D20000 to 00007FFAE1D28000)
Sun Jul 24 17:50:12 2022 UTC - 67: fwpuclnt.dll - (00007FFAD8220000 to 00007FFAD82A0000)
Sun Jul 24 17:50:12 2022 UTC - 68: rasadhlp.dll - (00007FFAD8560000 to 00007FFAD856A000)
Sun Jul 24 17:50:12 2022 UTC - 69: steam_api64.dll - (00007FFAC20B0000 to 00007FFAC20FC000)
Sun Jul 24 17:50:12 2022 UTC - 70: steamclient64.dll - (00007FFA73EE0000 to 00007FFA75413000)
Sun Jul 24 17:50:12 2022 UTC - 71: imagehlp.dll - (00007FFAE14A0000 to 00007FFAE14BD000)
Sun Jul 24 17:50:12 2022 UTC - 72: PSAPI.DLL - (00007FFAE1D10000 to 00007FFAE1D18000)
Sun Jul 24 17:50:12 2022 UTC - 73: Secur32.dll - (00007FFAC6940000 to 00007FFAC694C000)
Sun Jul 24 17:50:12 2022 UTC - 74: vstdlib_s64.dll - (00007FFAC06C0000 to 00007FFAC0741000)
Sun Jul 24 17:50:12 2022 UTC - 75: tier0_s64.dll - (00007FFA8F520000 to 00007FFA8F694000)
Sun Jul 24 17:50:12 2022 UTC - 76: CRYPTBASE.DLL - (00007FFADEF10000 to 00007FFADEF1C000)
Sun Jul 24 17:50:12 2022 UTC - 77: gameoverlayrenderer64.dll - (00007FFA8DDD0000 to 00007FFA8DFAD000)
Sun Jul 24 17:50:12 2022 UTC - ----------------------------
Sun Jul 24 17:50:12 2022 UTC - Creating IWrapWbemLocator
Sun Jul 24 17:50:12 2022 UTC - CoCreateInstance hook created WbemLocator interface 000001C7633C1620
Sun Jul 24 17:50:12 2022 UTC - IWrapWbemLocator 000001C7633C1620 deleting
Sun Jul 24 17:50:16 2022 UTC - hookCreateDXGIFactory2 called
Sun Jul 24 17:50:16 2022 UTC - Hooking vtable for factory
Sun Jul 24 17:50:18 2022 UTC - hookCreateDXGIFactory2 called
Sun Jul 24 17:50:18 2022 UTC - Hooking vtable for factory
Sun Jul 24 17:50:20 2022 UTC - IWrapDXGIFactory2::CreateSwapChain called
Sun Jul 24 17:50:20 2022 UTC - Hooking vtable for swap chain
Sun Jul 24 17:50:20 2022 UTC - Hooking vtable for swap chain1
Sun Jul 24 17:50:20 2022 UTC - Hooking vtable for swap chain3
Sun Jul 24 17:50:20 2022 UTC - Trying to detour d3d11 device
Sun Jul 24 17:50:20 2022 UTC - Hooking vtable for device
Sun Jul 24 17:50:20 2022 UTC - Tracking new device: 62b3d268
Sun Jul 24 17:50:20 2022 UTC - Tracking new swap chain: 66b090f0 (with device: 62b3d268)
Sun Jul 24 17:50:20 2022 UTC - Creating D3D11 renderer
Sun Jul 24 17:50:20 2022 UTC - DeleteD3D11RendererForSwapChain called for: 000001C766B090F0
Sun Jul 24 17:50:20 2022 UTC - Releasing all resources for device: 000001C762B3D268
Sun Jul 24 17:50:22 2022 UTC - IWrapDXGIFactory2::CreateSwapChain called
Sun Jul 24 17:50:23 2022 UTC - Hooking vtable for swap chain
Sun Jul 24 17:50:23 2022 UTC - Hooking vtable for swap chain1
Sun Jul 24 17:50:23 2022 UTC - Hooking vtable for swap chain3
Sun Jul 24 17:50:23 2022 UTC - Trying to detour d3d11 device
Sun Jul 24 17:50:23 2022 UTC - Hooking vtable for device
Sun Jul 24 17:50:23 2022 UTC - VTable for device in unexpected module
Sun Jul 24 17:50:23 2022 UTC - Tracking new device: 62b29718
Sun Jul 24 17:50:23 2022 UTC - Tracking new swap chain: 66979ea0 (with device: 62b29718)
Sun Jul 24 17:50:23 2022 UTC - Creating D3D11 renderer
Sun Jul 24 17:50:23 2022 UTC - Releasing all resources for device: 000001C762B29718
Sun Jul 24 17:50:23 2022 UTC - Initializing Audio...
Sun Jul 24 17:50:23 2022 UTC - Trying to setup input hook...
Sun Jul 24 17:50:23 2022 UTC - Set input hook...
Sun Jul 24 17:50:23 2022 UTC - DirectInput8Create hook called, 000001C7666B2ED0
Sun Jul 24 17:50:23 2022 UTC - Aborting UnhookFunc because pRealFunctionAddr is not hooked
Sun Jul 24 17:50:23 2022 UTC - Aborting UnhookFunc because pRealFunctionAddr is not hooked
Sun Jul 24 17:50:23 2022 UTC - Aborting UnhookFunc because pRealFunctionAddr is not hooked
Sun Jul 24 17:50:23 2022 UTC - Aborting UnhookFunc because pRealFunctionAddr is not hooked
Sun Jul 24 17:50:23 2022 UTC - XInput Hooked XInputEnable Version 14
Sun Jul 24 17:50:23 2022 UTC - XInput Hooked XInputGetAudioDeviceIds Version 14
Sun Jul 24 17:50:23 2022 UTC - XInput Hooked XInputGetBatteryInformation Version 14
Sun Jul 24 17:50:23 2022 UTC - XInput Hooked XInputGetCapabilities Version 14
Sun Jul 24 17:50:23 2022 UTC - XInput Hooked XInputGetKeystroke Version 14
Sun Jul 24 17:50:23 2022 UTC - XInput Hooked XInputGetState Version 14
Sun Jul 24 17:50:23 2022 UTC - XInput Hooked XInputGetStateEX Version 14
Sun Jul 24 17:50:23 2022 UTC - XInput Hooked XInputSetState Version 14
Sun Jul 24 17:50:25 2022 UTC - Found a hooked function in now unloaded module, removing from map.
Sun Jul 24 17:50:27 2022 UTC - IAudioClient_Initialize - SUCCEEDED
Sun Jul 24 17:50:27 2022 UTC - Audio client initialized: 0x000001C7128E5E70
Sun Jul 24 17:50:27 2022 UTC - Device:
Sun Jul 24 17:50:27 2022 UTC - Audio client mix format:
Sun Jul 24 17:50:27 2022 UTC - 	format: 65534
Sun Jul 24 17:50:27 2022 UTC - 	channels: 2
Sun Jul 24 17:50:27 2022 UTC - 	samples/sec: 48000
Sun Jul 24 17:50:27 2022 UTC - 	bytes/sec: 384000
Sun Jul 24 17:50:27 2022 UTC - 	alignment: 8
Sun Jul 24 17:50:27 2022 UTC - 	bits/sample: 32
Sun Jul 24 17:50:27 2022 UTC - 	channel mask: 0x3
Sun Jul 24 17:50:27 2022 UTC - 	data format: {00000003-0000-0010-8000-00AA00389B71}
Sun Jul 24 17:50:27 2022 UTC - Audio hooked
Sun Jul 24 17:50:27 2022 UTC - Audio client started: 0x000001C7128E5E70, 1
Sun Jul 24 17:50:40 2022 UTC - Releasing all resources for device: 000001C762B29718
Sun Jul 24 17:50:40 2022 UTC - Detaching input hook...
Sun Jul 24 17:50:40 2022 UTC - Trying to setup input hook...
Sun Jul 24 17:50:40 2022 UTC - Set input hook...
Sun Jul 24 17:50:41 2022 UTC - Releasing all resources for device: 000001C762B29718
Sun Jul 24 17:50:41 2022 UTC - Detaching input hook...
Sun Jul 24 17:50:41 2022 UTC - Releasing all resources for device: 000001C762B29718
Sun Jul 24 17:50:41 2022 UTC - Releasing all resources for device: 000001C762B29718
Sun Jul 24 17:50:41 2022 UTC - Releasing all resources for device: 000001C762B29718
Sun Jul 24 17:50:41 2022 UTC - Releasing all resources for device: 000001C762B29718
Sun Jul 24 17:50:41 2022 UTC - Trying to setup input hook...
Sun Jul 24 17:50:41 2022 UTC - Set input hook...
Sun Jul 24 17:51:26 2022 UTC - Releasing all resources for device: 000001C762B29718
Sun Jul 24 17:51:26 2022 UTC - Detaching input hook...
Sun Jul 24 17:51:26 2022 UTC - Releasing all resources for device: 000001C762B29718
Sun Jul 24 17:51:28 2022 UTC - Releasing all resources for device: 000001C762B29718
Sun Jul 24 17:51:28 2022 UTC - Releasing all resources for device: 000001C762B29718
Sun Jul 24 17:51:28 2022 UTC - Releasing all resources for device: 000001C762B29718
Sun Jul 24 17:51:28 2022 UTC - Trying to setup input hook...
Sun Jul 24 17:51:28 2022 UTC - Set input hook...
Sun Jul 24 17:51:30 2022 UTC - Releasing all resources for device: 000001C762B29718
Sun Jul 24 17:51:30 2022 UTC - Detaching input hook...
Sun Jul 24 17:51:30 2022 UTC - Releasing all resources for device: 000001C762B29718
Sun Jul 24 17:53:01 2022 UTC - Releasing all resources for device: 000001C762B29718
Sun Jul 24 17:53:01 2022 UTC - Releasing all resources for device: 000001C762B29718
Sun Jul 24 17:53:01 2022 UTC - Releasing all resources for device: 000001C762B29718
Sun Jul 24 17:53:01 2022 UTC - Trying to setup input hook...
Sun Jul 24 17:53:01 2022 UTC - Set input hook...
Sun Jul 24 17:58:02 2022 UTC - Releasing all resources for device: 000001C762B29718
Sun Jul 24 17:58:02 2022 UTC - Detaching input hook...
Sun Jul 24 17:58:02 2022 UTC - Releasing all resources for device: 000001C762B29718
Sun Jul 24 17:59:19 2022 UTC - Releasing all resources for device: 000001C762B29718
Sun Jul 24 17:59:19 2022 UTC - Releasing all resources for device: 000001C762B29718
Sun Jul 24 17:59:19 2022 UTC - Releasing all resources for device: 000001C762B29718
Sun Jul 24 17:59:19 2022 UTC - Trying to setup input hook...
Sun Jul 24 17:59:19 2022 UTC - Set input hook...
Sun Jul 24 18:00:56 2022 UTC - Releasing all resources for device: 000001C762B29718
Sun Jul 24 18:00:56 2022 UTC - Detaching input hook...
Sun Jul 24 18:00:56 2022 UTC - Releasing all resources for device: 000001C762B29718
Sun Jul 24 18:00:57 2022 UTC - Trying to setup input hook...
Sun Jul 24 18:00:57 2022 UTC - Set input hook...
Sun Jul 24 18:30:37 2022 UTC - Releasing all resources for device: 000001C762B29718
Sun Jul 24 18:30:37 2022 UTC - Detaching input hook...
Sun Jul 24 18:30:37 2022 UTC - Releasing all resources for device: 000001C762B29718
Sun Jul 24 18:30:43 2022 UTC - Releasing all resources for device: 000001C762B29718
Sun Jul 24 18:30:43 2022 UTC - Releasing all resources for device: 000001C762B29718
Sun Jul 24 18:30:43 2022 UTC - Releasing all resources for device: 000001C762B29718
Sun Jul 24 18:30:43 2022 UTC - Trying to setup input hook...
Sun Jul 24 18:30:43 2022 UTC - Set input hook...
Sun Jul 24 18:30:44 2022 UTC - Releasing all resources for device: 000001C762B29718
Sun Jul 24 18:30:44 2022 UTC - Detaching input hook...
Sun Jul 24 18:30:44 2022 UTC - Releasing all resources for device: 000001C762B29718
Sun Jul 24 18:30:47 2022 UTC - Releasing all resources for device: 000001C762B29718
Sun Jul 24 18:30:47 2022 UTC - Releasing all resources for device: 000001C762B29718
Sun Jul 24 18:30:47 2022 UTC - Releasing all resources for device: 000001C762B29718
Sun Jul 24 18:30:47 2022 UTC - Trying to setup input hook...
Sun Jul 24 18:30:47 2022 UTC - Set input hook...
Sun Jul 24 18:31:14 2022 UTC - DInput 000001C7666B2ED0 deleting
Sun Jul 24 18:31:14 2022 UTC - Releasing all resources for device: 000001C762B29718
Sun Jul 24 18:31:14 2022 UTC - Detaching input hook...
Sun Jul 24 18:31:14 2022 UTC - DeleteD3D11RendererForSwapChain called for: 000001C766979EA0
Sun Jul 24 18:31:14 2022 UTC - Releasing all resources for device: 000001C762B29718
Sun Jul 24 18:31:15 2022 UTC - GameOverlayRenderer.dll detaching
